mode: set
github.com/sheldonhull/goyek-tasks/paths/paths.go:24.31,26.16 2 0
github.com/sheldonhull/goyek-tasks/paths/paths.go:29.2,31.16 3 0
github.com/sheldonhull/goyek-tasks/paths/paths.go:34.2,35.16 2 0
github.com/sheldonhull/goyek-tasks/paths/paths.go:38.2,39.16 2 0
github.com/sheldonhull/goyek-tasks/paths/paths.go:43.2,44.16 2 0
github.com/sheldonhull/goyek-tasks/paths/paths.go:47.2,48.16 2 0
github.com/sheldonhull/goyek-tasks/paths/paths.go:26.16,28.3 1 0
github.com/sheldonhull/goyek-tasks/paths/paths.go:31.16,33.3 1 0
github.com/sheldonhull/goyek-tasks/paths/paths.go:35.16,37.3 1 0
github.com/sheldonhull/goyek-tasks/paths/paths.go:39.16,41.3 1 0
github.com/sheldonhull/goyek-tasks/paths/paths.go:44.16,46.3 1 0
github.com/sheldonhull/goyek-tasks/paths/paths.go:48.16,50.3 1 0
github.com/sheldonhull/goyek-tasks/paths/paths.go:54.36,57.31 1 0
github.com/sheldonhull/goyek-tasks/paths/paths.go:57.31,59.18 2 0
github.com/sheldonhull/goyek-tasks/paths/paths.go:63.4,65.18 3 0
github.com/sheldonhull/goyek-tasks/paths/paths.go:68.4,68.41 1 0
github.com/sheldonhull/goyek-tasks/paths/paths.go:59.18,61.5 1 0
github.com/sheldonhull/goyek-tasks/paths/paths.go:65.18,67.5 1 0
github.com/sheldonhull/goyek-tasks/install/install.go:13.43,17.31 1 1
github.com/sheldonhull/goyek-tasks/install/install.go:17.31,38.35 4 1
github.com/sheldonhull/goyek-tasks/install/install.go:49.4,49.50 1 1
github.com/sheldonhull/goyek-tasks/install/install.go:38.35,42.44 3 1
github.com/sheldonhull/goyek-tasks/install/install.go:46.5,46.39 1 1
github.com/sheldonhull/goyek-tasks/install/install.go:42.44,45.6 1 0
