mode: set
github.com/sheldonhull/goyek-tasks/paths/paths.go:25.31,27.16 2 0
github.com/sheldonhull/goyek-tasks/paths/paths.go:30.2,32.16 3 0
github.com/sheldonhull/goyek-tasks/paths/paths.go:35.2,36.16 2 0
github.com/sheldonhull/goyek-tasks/paths/paths.go:39.2,40.16 2 0
github.com/sheldonhull/goyek-tasks/paths/paths.go:43.2,44.16 2 0
github.com/sheldonhull/goyek-tasks/paths/paths.go:47.2,48.16 2 0
github.com/sheldonhull/goyek-tasks/paths/paths.go:51.2,57.49 1 0
github.com/sheldonhull/goyek-tasks/paths/paths.go:27.16,29.3 1 0
github.com/sheldonhull/goyek-tasks/paths/paths.go:32.16,34.3 1 0
github.com/sheldonhull/goyek-tasks/paths/paths.go:36.16,38.3 1 0
github.com/sheldonhull/goyek-tasks/paths/paths.go:40.16,42.3 1 0
github.com/sheldonhull/goyek-tasks/paths/paths.go:44.16,46.3 1 0
github.com/sheldonhull/goyek-tasks/paths/paths.go:48.16,50.3 1 0
github.com/sheldonhull/goyek-tasks/install/install.go:12.43,16.30 1 1
github.com/sheldonhull/goyek-tasks/install/install.go:16.30,37.35 4 1
github.com/sheldonhull/goyek-tasks/install/install.go:47.4,47.50 1 1
github.com/sheldonhull/goyek-tasks/install/install.go:37.35,41.44 3 1
github.com/sheldonhull/goyek-tasks/install/install.go:41.44,44.6 1 0
